<?xml version="1.0" encoding="UTF-8"?>
<!-- Generated by org.testng.reporters.JUnitXMLReporter -->
<testsuite ignored="4" hostname="DESKTOP-AQVOTS7" failures="0" tests="3" name="Default test" time="4.153" errors="0" timestamp="2025-01-07T15:00:08 EET">
  <testcase classname="TestCases" name="LogInTest" time="0.341"/>
  <testcase classname="TestCases" name="AddRandomItem" time="0.089"/>
  <testcase classname="TestCases" name="CheckOutTest" time="0.551"/>
  <testcase classname="TestCases" name="AddALllItemThenRemoveALll" time="0.0">
    <ignored/>
  </testcase> <!-- AddALllItemThenRemoveALll -->
  <testcase classname="TestCases" name="AddItemswhichstartedwithSouce" time="0.0">
    <ignored/>
  </testcase> <!-- AddItemswhichstartedwithSouce -->
  <testcase classname="TestCases" name="SkipSomeItems" time="0.0">
    <ignored/>
  </testcase> <!-- SkipSomeItems -->
  <testcase classname="TestCases" name="AddCErtinItems" time="0.0">
    <ignored/>
  </testcase> <!-- AddCErtinItems -->
</testsuite> <!-- Default test -->
