<?xml version="1.0" encoding="UTF-8"?>
<testng-results ignored="4" total="7" passed="3" failed="0" skipped="0">
  <reporter-output>
  </reporter-output>
  <suite started-at="2025-01-07T15:00:04 EET" name="Default suite" finished-at="2025-01-07T15:00:08 EET" duration-ms="4153">
    <groups>
    </groups>
    <test started-at="2025-01-07T15:00:04 EET" name="Default test" finished-at="2025-01-07T15:00:08 EET" duration-ms="4153">
      <class name="TestCases">
        <test-method is-config="true" signature="setup()[pri:0, instance:TestCases@5d9b7a8a]" started-at="2025-01-07T15:00:04 EET" name="setup" finished-at="2025-01-07T15:00:07 EET" duration-ms="3136" status="PASS">
          <reporter-output>
          </reporter-output>
        </test-method> <!-- setup -->
        <test-method signature="LogInTest()[pri:1, instance:TestCases@5d9b7a8a]" started-at="2025-01-07T15:00:07 EET" name="LogInTest" finished-at="2025-01-07T15:00:08 EET" duration-ms="341" status="PASS">
          <reporter-output>
          </reporter-output>
        </test-method> <!-- LogInTest -->
        <test-method signature="AddRandomItem()[pri:2, instance:TestCases@5d9b7a8a]" started-at="2025-01-07T15:00:08 EET" name="AddRandomItem" finished-at="2025-01-07T15:00:08 EET" duration-ms="89" status="PASS">
          <reporter-output>
          </reporter-output>
        </test-method> <!-- AddRandomItem -->
        <test-method signature="CheckOutTest()[pri:3, instance:TestCases@5d9b7a8a]" started-at="2025-01-07T15:00:08 EET" name="CheckOutTest" finished-at="2025-01-07T15:00:08 EET" duration-ms="551" status="PASS">
          <reporter-output>
          </reporter-output>
        </test-method> <!-- CheckOutTest -->
      </class> <!-- TestCases -->
    </test> <!-- Default test -->
  </suite> <!-- Default suite -->
</testng-results>
